c:\users\simul\onedrive\문서\250709\20250709_proj01\250709_proj03\x64\debug\vc143.pdb
c:\users\simul\onedrive\문서\250709\20250709_proj01\250709_proj03\x64\debug\vc143.idb
c:\users\simul\onedrive\문서\250709\20250709_proj01\250709_proj03\x64\debug\20250709_proj03.obj
c:\users\simul\onedrive\문서\250709\20250709_proj01\250709_proj03\x64\debug\20250709_proj03.ilk
c:\users\simul\onedrive\문서\250709\20250709_proj01\250709_proj03\x64\debug\20250709_proj03.obj.enc
c:\users\simul\onedrive\문서\250709\20250709_proj01\x64\debug\20250709_proj03.pdb
c:\users\simul\onedrive\문서\250709\20250709_proj01\250709_proj03\x64\debug\20250709_proj03.tlog\cl.command.1.tlog
c:\users\simul\onedrive\문서\250709\20250709_proj01\250709_proj03\x64\debug\20250709_proj03.tlog\cl.items.tlog
c:\users\simul\onedrive\문서\250709\20250709_proj01\250709_proj03\x64\debug\20250709_proj03.tlog\cl.read.1.tlog
c:\users\simul\onedrive\문서\250709\20250709_proj01\250709_proj03\x64\debug\20250709_proj03.tlog\cl.write.1.tlog
c:\users\simul\onedrive\문서\250709\20250709_proj01\250709_proj03\x64\debug\20250709_proj03.tlog\link-cvtres.read.1.tlog
c:\users\simul\onedrive\문서\250709\20250709_proj01\250709_proj03\x64\debug\20250709_proj03.tlog\link-cvtres.write.1.tlog
c:\users\simul\onedrive\문서\250709\20250709_proj01\250709_proj03\x64\debug\20250709_proj03.tlog\link-rc.read.1.tlog
c:\users\simul\onedrive\문서\250709\20250709_proj01\250709_proj03\x64\debug\20250709_proj03.tlog\link-rc.write.1.tlog
c:\users\simul\onedrive\문서\250709\20250709_proj01\250709_proj03\x64\debug\20250709_proj03.tlog\link.2772-cvtres.read.1.tlog
c:\users\simul\onedrive\문서\250709\20250709_proj01\250709_proj03\x64\debug\20250709_proj03.tlog\link.2772-cvtres.write.1.tlog
c:\users\simul\onedrive\문서\250709\20250709_proj01\250709_proj03\x64\debug\20250709_proj03.tlog\link.2772-rc.read.1.tlog
c:\users\simul\onedrive\문서\250709\20250709_proj01\250709_proj03\x64\debug\20250709_proj03.tlog\link.2772-rc.write.1.tlog
c:\users\simul\onedrive\문서\250709\20250709_proj01\250709_proj03\x64\debug\20250709_proj03.tlog\link.2772.read.1.tlog
c:\users\simul\onedrive\문서\250709\20250709_proj01\250709_proj03\x64\debug\20250709_proj03.tlog\link.2772.read.2.tlog
c:\users\simul\onedrive\문서\250709\20250709_proj01\250709_proj03\x64\debug\20250709_proj03.tlog\link.2772.read.3.tlog
c:\users\simul\onedrive\문서\250709\20250709_proj01\250709_proj03\x64\debug\20250709_proj03.tlog\link.2772.read.4.tlog
c:\users\simul\onedrive\문서\250709\20250709_proj01\250709_proj03\x64\debug\20250709_proj03.tlog\link.2772.write.1.tlog
c:\users\simul\onedrive\문서\250709\20250709_proj01\250709_proj03\x64\debug\20250709_proj03.tlog\link.command.1.tlog
c:\users\simul\onedrive\문서\250709\20250709_proj01\250709_proj03\x64\debug\20250709_proj03.tlog\link.read.1.tlog
c:\users\simul\onedrive\문서\250709\20250709_proj01\250709_proj03\x64\debug\20250709_proj03.tlog\link.read.2.tlog
c:\users\simul\onedrive\문서\250709\20250709_proj01\250709_proj03\x64\debug\20250709_proj03.tlog\link.read.3.tlog
c:\users\simul\onedrive\문서\250709\20250709_proj01\250709_proj03\x64\debug\20250709_proj03.tlog\link.read.4.tlog
c:\users\simul\onedrive\문서\250709\20250709_proj01\250709_proj03\x64\debug\20250709_proj03.tlog\link.secondary.1.tlog
c:\users\simul\onedrive\문서\250709\20250709_proj01\250709_proj03\x64\debug\20250709_proj03.tlog\link.write.1.tlog
